Using pre-set license
Built from '2021.1/staging' branch; Version is '2021.1.15f1 (e767a7370072) revision 15165351'; Using compiler version '192528614'; Build Type 'Release'
OS: 'Windows 10 Pro; OS build 19043.1415; Version 2009; 64bit' Language: 'en' Physical Memory: 16268 MB
BatchMode: 1, IsHumanControllingUs: 0, StartBugReporterOnCrash: 0, Is64bit: 1, IsPro: 0

 COMMAND LINE ARGUMENTS:
C:\Program Files\Unity\Hub\Editor\2021.1.15f1\Editor\Unity.exe
-adb2
-batchMode
-noUpm
-name
AssetImportWorker0
-projectPath
D:/Agni-Backup/Agni-Final/Agni
-logFile
Logs/AssetImportWorker0.log
-srvPort
55233
Successfully changed project path to: D:/Agni-Backup/Agni-Final/Agni
D:/Agni-Backup/Agni-Final/Agni
Using Asset Import Pipeline V2.
Refreshing native plugins compatible for Editor in 75.32 ms, found 2 plugins.
Preloading 0 native plugins for Editor in 0.00 ms.
Initialize engine version: 2021.1.15f1 (e767a7370072)
[Subsystems] Discovering subsystems at path C:/Program Files/Unity/Hub/Editor/2021.1.15f1/Editor/Data/Resources/UnitySubsystems
[Subsystems] Discovering subsystems at path D:/Agni-Backup/Agni-Final/Agni/Assets
GfxDevice: creating device client; threaded=0; jobified=0
Direct3D:
    Version:  Direct3D 11.0 [level 11.1]
    Renderer: NVIDIA GeForce GTX 1050 (ID=0x1c8d)
    Vendor:   NVIDIA
    VRAM:     4021 MB
    Driver:   27.21.14.5167
Initialize mono
Mono path[0] = 'C:/Program Files/Unity/Hub/Editor/2021.1.15f1/Editor/Data/Managed'
Mono path[1] = 'C:/Program Files/Unity/Hub/Editor/2021.1.15f1/Editor/Data/MonoBleedingEdge/lib/mono/unityjit'
Mono config path = 'C:/Program Files/Unity/Hub/Editor/2021.1.15f1/Editor/Data/MonoBleedingEdge/etc'
Using monoOptions --debugger-agent=transport=dt_socket,embedding=1,server=y,suspend=n,address=127.0.0.1:56176
Begin MonoManager ReloadAssembly
Registering precompiled unity dll's ...
Register platform support module: C:/Program Files/Unity/Hub/Editor/2021.1.15f1/Editor/Data/PlaybackEngines/WindowsStandaloneSupport/UnityEditor.WindowsStandalone.Extensions.dll
Registered in 0.002058 seconds.
Native extension for WindowsStandalone target not found
Refreshing native plugins compatible for Editor in 70.99 ms, found 2 plugins.
Preloading 0 native plugins for Editor in 0.00 ms.
Mono: successfully reloaded assembly
- Completed reload, in  1.408 seconds
Domain Reload Profiling:
	ReloadAssembly (1409ms)
		BeginReloadAssembly (69ms)
			ExecutionOrderSort (0ms)
			DisableScriptedObjects (0ms)
			BackupInstance (0ms)
			ReleaseScriptingObjects (0ms)
			CreateAndSetChildDomain (1ms)
		EndReloadAssembly (519ms)
			LoadAssemblies (66ms)
			RebuildTransferFunctionScriptingTraits (0ms)
			SetupTypeCache (208ms)
			ReleaseScriptCaches (0ms)
			RebuildScriptCaches (36ms)
			SetupLoadedEditorAssemblies (223ms)
				LogAssemblyErrors (0ms)
				InitializePlatformSupportModulesInManaged (6ms)
				SetLoadedEditorAssemblies (0ms)
				RefreshPlugins (71ms)
				BeforeProcessingInitializeOnLoad (1ms)
				ProcessInitializeOnLoadAttributes (106ms)
				ProcessInitializeOnLoadMethodAttributes (38ms)
				AfterProcessingInitializeOnLoad (0ms)
				EditorAssembliesLoaded (0ms)
			ExecutionOrderSort2 (0ms)
			AwakeInstancesAfterBackupRestoration (0ms)
Platform modules already initialized, skipping
Registering precompiled user dll's ...
Registered in 0.004562 seconds.
Begin MonoManager ReloadAssembly
Native extension for WindowsStandalone target not found
Refreshing native plugins compatible for Editor in 194.67 ms, found 2 plugins.
Preloading 0 native plugins for Editor in 0.00 ms.
Mono: successfully reloaded assembly
- Completed reload, in  3.266 seconds
Domain Reload Profiling:
	ReloadAssembly (3268ms)
		BeginReloadAssembly (167ms)
			ExecutionOrderSort (0ms)
			DisableScriptedObjects (5ms)
			BackupInstance (0ms)
			ReleaseScriptingObjects (0ms)
			CreateAndSetChildDomain (22ms)
		EndReloadAssembly (3038ms)
			LoadAssemblies (99ms)
			RebuildTransferFunctionScriptingTraits (0ms)
			SetupTypeCache (357ms)
			ReleaseScriptCaches (1ms)
			RebuildScriptCaches (66ms)
			SetupLoadedEditorAssemblies (2340ms)
				LogAssemblyErrors (0ms)
				InitializePlatformSupportModulesInManaged (5ms)
				SetLoadedEditorAssemblies (0ms)
				RefreshPlugins (195ms)
				BeforeProcessingInitializeOnLoad (428ms)
				ProcessInitializeOnLoadAttributes (1375ms)
				ProcessInitializeOnLoadMethodAttributes (307ms)
				AfterProcessingInitializeOnLoad (30ms)
				EditorAssembliesLoaded (1ms)
			ExecutionOrderSort2 (0ms)
			AwakeInstancesAfterBackupRestoration (31ms)
Platform modules already initialized, skipping
========================================================================
Worker process is ready to serve import requests
Launched and connected shader compiler UnityShaderCompiler.exe after 0.17 seconds
Refreshing native plugins compatible for Editor in 2.76 ms, found 2 plugins.
Preloading 0 native plugins for Editor in 0.00 ms.
Unloading 3564 Unused Serialized files (Serialized files now loaded: 0)
System memory in use before: 148.1 MB.
System memory in use after: 148.3 MB.

Unloading 59 unused Assets to reduce memory usage. Loaded Objects now: 3990.
Total: 31.832700 ms (FindLiveObjects: 0.763900 ms CreateObjectMapping: 0.649900 ms MarkObjects: 30.130200 ms  DeleteObjects: 0.284900 ms)

AssetImportParameters requested are different than current active one (requested -> active):
  custom:framework-win-MediaFoundation: 216162199b28c13a410421893ffa2e32 -> 
  custom:video-decoder-ogg-theora: a1e56fd34408186e4bbccfd4996cb3dc -> 
  custom:container-muxer-webm: aa71ff27fc2769a1b78a27578f13a17b -> 
  custom:container-demuxer-webm: 4f35f7cbe854078d1ac9338744f61a02 -> 
  custom:container-demuxer-ogg: 62fdf1f143b41e24485cea50d1cbac27 -> 
  custom:video-encoder-webm-vp8: eb34c28f22e8b96e1ab97ce403110664 -> 
  custom:video-decoder-webm-vp8: 9c59270c3fd7afecdb556c50c9e8de78 -> 
  custom:audio-decoder-ogg-vorbis: bf7c407c2cedff20999df2af8eb42d56 -> 
  custom:audio-encoder-webm-vorbis: bf7c407c2cedff20999df2af8eb42d56 -> 
========================================================================
Received Prepare
Registering precompiled user dll's ...
Registered in 0.008113 seconds.
Begin MonoManager ReloadAssembly
Native extension for WindowsStandalone target not found
Refreshing native plugins compatible for Editor in 0.90 ms, found 2 plugins.
Preloading 0 native plugins for Editor in 0.00 ms.
Mono: successfully reloaded assembly
- Completed reload, in  1.392 seconds
Domain Reload Profiling:
	ReloadAssembly (1392ms)
		BeginReloadAssembly (130ms)
			ExecutionOrderSort (0ms)
			DisableScriptedObjects (7ms)
			BackupInstance (0ms)
			ReleaseScriptingObjects (0ms)
			CreateAndSetChildDomain (43ms)
		EndReloadAssembly (1189ms)
			LoadAssemblies (102ms)
			RebuildTransferFunctionScriptingTraits (0ms)
			SetupTypeCache (394ms)
			ReleaseScriptCaches (2ms)
			RebuildScriptCaches (81ms)
			SetupLoadedEditorAssemblies (499ms)
				LogAssemblyErrors (0ms)
				InitializePlatformSupportModulesInManaged (6ms)
				SetLoadedEditorAssemblies (0ms)
				RefreshPlugins (1ms)
				BeforeProcessingInitializeOnLoad (96ms)
				ProcessInitializeOnLoadAttributes (320ms)
				ProcessInitializeOnLoadMethodAttributes (66ms)
				AfterProcessingInitializeOnLoad (9ms)
				EditorAssembliesLoaded (0ms)
			ExecutionOrderSort2 (0ms)
			AwakeInstancesAfterBackupRestoration (8ms)
Platform modules already initialized, skipping
Refreshing native plugins compatible for Editor in 0.89 ms, found 2 plugins.
Preloading 0 native plugins for Editor in 0.00 ms.
Unloading 3500 Unused Serialized files (Serialized files now loaded: 0)
System memory in use before: 142.4 MB.
System memory in use after: 142.6 MB.

Unloading 50 unused Assets to reduce memory usage. Loaded Objects now: 3993.
Total: 7.375000 ms (FindLiveObjects: 0.274800 ms CreateObjectMapping: 0.159400 ms MarkObjects: 6.880800 ms  DeleteObjects: 0.059100 ms)

AssetImportParameters requested are different than current active one (requested -> active):
  custom:framework-win-MediaFoundation: 216162199b28c13a410421893ffa2e32 -> 
  custom:video-decoder-ogg-theora: a1e56fd34408186e4bbccfd4996cb3dc -> 
  custom:container-muxer-webm: aa71ff27fc2769a1b78a27578f13a17b -> 
  custom:container-demuxer-webm: 4f35f7cbe854078d1ac9338744f61a02 -> 
  custom:container-demuxer-ogg: 62fdf1f143b41e24485cea50d1cbac27 -> 
  custom:video-encoder-webm-vp8: eb34c28f22e8b96e1ab97ce403110664 -> 
  custom:video-decoder-webm-vp8: 9c59270c3fd7afecdb556c50c9e8de78 -> 
  custom:audio-decoder-ogg-vorbis: bf7c407c2cedff20999df2af8eb42d56 -> 
  custom:audio-encoder-webm-vorbis: bf7c407c2cedff20999df2af8eb42d56 -> 
========================================================================
Received Import Request.
  path: Assets/LevelCheckpoint.cs
  artifactKey: Guid(4d29c9ddc808542499df37526236d2ab) Importer(815301076,1909f56bfc062723c751e8b465ee728b)
Start importing Assets/LevelCheckpoint.cs using Guid(4d29c9ddc808542499df37526236d2ab) Importer(815301076,1909f56bfc062723c751e8b465ee728b)  -> (artifact id: 'b55f022dadfafc473802853b8eb22c84') in 0.045953 seconds 
========================================================================
Received Import Request.
  Time since last request: 14.147581 seconds.
  path: Assets/Animation/Char/Agni/agniLowRun.anim
  artifactKey: Guid(7159e687eac8fad4e871e88389f3aab8) Importer(815301076,1909f56bfc062723c751e8b465ee728b)
Start importing Assets/Animation/Char/Agni/agniLowRun.anim using Guid(7159e687eac8fad4e871e88389f3aab8) Importer(815301076,1909f56bfc062723c751e8b465ee728b)  -> (artifact id: 'ff42a6d2f2b84505f0618e6933b235d5') in 0.026545 seconds 
========================================================================
Received Import Request.
  Time since last request: 41.104441 seconds.
  path: Assets/Sprite/Agni (Protagonist)/Low Health State/Dead/Frame-1.png
  artifactKey: Guid(47712bc7503b48e408b6ed78ef389fb5) Importer(815301076,1909f56bfc062723c751e8b465ee728b)
Start importing Assets/Sprite/Agni (Protagonist)/Low Health State/Dead/Frame-1.png using Guid(47712bc7503b48e408b6ed78ef389fb5) Importer(815301076,1909f56bfc062723c751e8b465ee728b)  -> (artifact id: 'eb0f58c8e6ff87a80b040a93a3092443') in 0.101925 seconds 
========================================================================
Received Import Request.
  Time since last request: 0.000362 seconds.
  path: Assets/Sprite/Agni (Protagonist)/Low Health State/Dead/Frame-4.png
  artifactKey: Guid(0bd5d80b6eb15d547be1c4cc9f1f07ea) Importer(815301076,1909f56bfc062723c751e8b465ee728b)
Start importing Assets/Sprite/Agni (Protagonist)/Low Health State/Dead/Frame-4.png using Guid(0bd5d80b6eb15d547be1c4cc9f1f07ea) Importer(815301076,1909f56bfc062723c751e8b465ee728b)  -> (artifact id: 'b825a1a33a8627a408a786ac0e825f36') in 0.033829 seconds 
========================================================================
Received Import Request.
  Time since last request: 0.000321 seconds.
  path: Assets/Sprite/Agni (Protagonist)/Low Health State/Dead/Frame-5.png
  artifactKey: Guid(22d34a108219bda43b34441357022804) Importer(815301076,1909f56bfc062723c751e8b465ee728b)
Start importing Assets/Sprite/Agni (Protagonist)/Low Health State/Dead/Frame-5.png using Guid(22d34a108219bda43b34441357022804) Importer(815301076,1909f56bfc062723c751e8b465ee728b)  -> (artifact id: '63d8ced92c7b6848c303363fd528d56b') in 0.052831 seconds 
========================================================================
Received Import Request.
  Time since last request: 0.000494 seconds.
  path: Assets/Sprite/Agni (Protagonist)/Low Health State/Dead/Frame-3.png
  artifactKey: Guid(3eed10a1b7aa8fb4a9588fb683e6c02d) Importer(815301076,1909f56bfc062723c751e8b465ee728b)
Start importing Assets/Sprite/Agni (Protagonist)/Low Health State/Dead/Frame-3.png using Guid(3eed10a1b7aa8fb4a9588fb683e6c02d) Importer(815301076,1909f56bfc062723c751e8b465ee728b)  -> (artifact id: 'e95af6aed3f597d58992ea56dcfb5c02') in 0.023865 seconds 
========================================================================
Received Import Request.
  Time since last request: 0.000422 seconds.
  path: Assets/Sprite/Agni (Protagonist)/Low Health State/Dead/Frame-2.png
  artifactKey: Guid(ed2601aab8d49fb4185abac11488decd) Importer(815301076,1909f56bfc062723c751e8b465ee728b)
Start importing Assets/Sprite/Agni (Protagonist)/Low Health State/Dead/Frame-2.png using Guid(ed2601aab8d49fb4185abac11488decd) Importer(815301076,1909f56bfc062723c751e8b465ee728b)  -> (artifact id: '502fa006160d3987422ef8131b6b5f97') in 0.031425 seconds 
========================================================================
Received Import Request.
  Time since last request: 2.606404 seconds.
  path: Assets/Sprite/Agni (Protagonist)/Low Health State/Grapple/Frame-1.png
  artifactKey: Guid(9c0f6c414a3a3374f895f90938fb8d6b) Importer(815301076,1909f56bfc062723c751e8b465ee728b)
Start importing Assets/Sprite/Agni (Protagonist)/Low Health State/Grapple/Frame-1.png using Guid(9c0f6c414a3a3374f895f90938fb8d6b) Importer(815301076,1909f56bfc062723c751e8b465ee728b)  -> (artifact id: '7aa5b5398e8c039cb9c025888e686795') in 0.016712 seconds 
========================================================================
Received Import Request.
  Time since last request: 0.000368 seconds.
  path: Assets/Sprite/Agni (Protagonist)/Low Health State/Grapple/Frame-3.png
  artifactKey: Guid(8545eea8925cfa34e9a1e4ca542caadd) Importer(815301076,1909f56bfc062723c751e8b465ee728b)
Start importing Assets/Sprite/Agni (Protagonist)/Low Health State/Grapple/Frame-3.png using Guid(8545eea8925cfa34e9a1e4ca542caadd) Importer(815301076,1909f56bfc062723c751e8b465ee728b)  -> (artifact id: 'e76038cb14641d1cd107a0b4a28fd522') in 0.021260 seconds 
========================================================================
Received Import Request.
  Time since last request: 0.000410 seconds.
  path: Assets/Sprite/Agni (Protagonist)/Low Health State/Grapple/Frame-2.png
  artifactKey: Guid(2b71972032864764eb7a8c99e717933e) Importer(815301076,1909f56bfc062723c751e8b465ee728b)
Start importing Assets/Sprite/Agni (Protagonist)/Low Health State/Grapple/Frame-2.png using Guid(2b71972032864764eb7a8c99e717933e) Importer(815301076,1909f56bfc062723c751e8b465ee728b)  -> (artifact id: 'dfe592032173b2786575283071e3b903') in 0.025478 seconds 
========================================================================
Received Import Request.
  Time since last request: 38.684310 seconds.
  path: Assets/Sprite/Testing/Heart.png
  artifactKey: Guid(291f09c821019b54abffe30dd9ae81f2) Importer(815301076,1909f56bfc062723c751e8b465ee728b)
Start importing Assets/Sprite/Testing/Heart.png using Guid(291f09c821019b54abffe30dd9ae81f2) Importer(815301076,1909f56bfc062723c751e8b465ee728b)  -> (artifact id: 'e8c25815983a6b6e33b5192702e93282') in 0.077317 seconds 
========================================================================
Received Prepare
Refreshing native plugins compatible for Editor in 9.30 ms, found 2 plugins.
Preloading 0 native plugins for Editor in 0.00 ms.
Unloading 48 Unused Serialized files (Serialized files now loaded: 0)
System memory in use before: 78.4 MB.
System memory in use after: 78.7 MB.

Unloading 48 unused Assets to reduce memory usage. Loaded Objects now: 4010.
Total: 8.928100 ms (FindLiveObjects: 0.274500 ms CreateObjectMapping: 0.168000 ms MarkObjects: 8.420600 ms  DeleteObjects: 0.064000 ms)

AssetImportParameters requested are different than current active one (requested -> active):
  custom:framework-win-MediaFoundation: 216162199b28c13a410421893ffa2e32 -> 
  custom:video-decoder-ogg-theora: a1e56fd34408186e4bbccfd4996cb3dc -> 
  custom:container-muxer-webm: aa71ff27fc2769a1b78a27578f13a17b -> 
  custom:container-demuxer-webm: 4f35f7cbe854078d1ac9338744f61a02 -> 
  custom:container-demuxer-ogg: 62fdf1f143b41e24485cea50d1cbac27 -> 
  custom:video-encoder-webm-vp8: eb34c28f22e8b96e1ab97ce403110664 -> 
  custom:video-decoder-webm-vp8: 9c59270c3fd7afecdb556c50c9e8de78 -> 
  custom:audio-decoder-ogg-vorbis: bf7c407c2cedff20999df2af8eb42d56 -> 
  custom:audio-encoder-webm-vorbis: bf7c407c2cedff20999df2af8eb42d56 -> 
AssetImportWorkerClient::OnTransportError - code=2 error=End of file
